# JRE version: Java(TM) SE Runtime Environment (8.0_191-b12) (build 1.8.0_191-b12)
# Java VM: Java HotSpot(TM) 64-Bit Server VM (25.191-b12 mixed mode windows-amd64 compressed oops)
Heap:
 PSYoungGen      total 180224K, used 164352K [0x00000000d5700000, 0x00000000e3b80000, 0x0000000100000000)
  eden space 164352K, 100% used [0x00000000d5700000,0x00000000df780000,0x00000000df780000)
  from space 15872K, 0% used [0x00000000e0700000,0x00000000e0700000,0x00000000e1680000)
  to   space 15872K, 40% used [0x00000000df780000,0x00000000dfdb6060,0x00000000e0700000)
 ParOldGen       total 371712K, used 288418K [0x0000000080400000, 0x0000000096f00000, 0x00000000d5700000)
  object space 371712K, 77% used [0x0000000080400000,0x0000000091da8a98,0x0000000096f00000)
 Metaspace       used 46333K, capacity 47724K, committed 48088K, reserved 1091584K
  class space    used 6066K, capacity 6322K, committed 6400K, reserved 1048576K
GC Heap History (10 events):
Event: 1.322 GC heap after
Heap after GC invocations=4 (full 1):
 PSYoungGen      total 71680K, used 0K [0x00000000d5700000, 0x00000000de300000, 0x0000000100000000)
  eden space 66560K, 0% used [0x00000000d5700000,0x00000000d5700000,0x00000000d9800000)
  from space 5120K, 0% used [0x00000000d9800000,0x00000000d9800000,0x00000000d9d00000)
  to   space 5120K, 0% used [0x00000000dde00000,0x00000000dde00000,0x00000000de300000)
 ParOldGen       total 63488K, used 10195K [0x0000000080400000, 0x0000000084200000, 0x00000000d5700000)
  object space 63488K, 16% used [0x0000000080400000,0x0000000080df4f98,0x0000000084200000)
 Metaspace       used 20670K, capacity 21210K, committed 21248K, reserved 1067008K
  class space    used 2665K, capacity 2812K, committed 2816K, reserved 1048576K
}
Event: 1.584 GC heap before
{Heap before GC invocations=5 (full 1):
 PSYoungGen      total 71680K, used 66560K [0x00000000d5700000, 0x00000000de300000, 0x0000000100000000)
  eden space 66560K, 100% used [0x00000000d5700000,0x00000000d9800000,0x00000000d9800000)
  from space 5120K, 0% used [0x00000000d9800000,0x00000000d9800000,0x00000000d9d00000)
  to   space 5120K, 0% used [0x00000000dde00000,0x00000000dde00000,0x00000000de300000)
 ParOldGen       total 63488K, used 10195K [0x0000000080400000, 0x0000000084200000, 0x00000000d5700000)
  object space 63488K, 16% used [0x0000000080400000,0x0000000080df4f98,0x0000000084200000)
 Metaspace       used 24021K, capacity 24652K, committed 24832K, reserved 1071104K
  class space    used 3112K, capacity 3289K, committed 3328K, reserved 1048576K
Event: 1.594 GC heap after
Heap after GC invocations=5 (full 1):
 PSYoungGen      total 111104K, used 5091K [0x00000000d5700000, 0x00000000de300000, 0x0000000100000000)
  eden space 105984K, 0% used [0x00000000d5700000,0x00000000d5700000,0x00000000dbe80000)
  from space 5120K, 99% used [0x00000000dde00000,0x00000000de2f8da0,0x00000000de300000)
  to   space 5120K, 0% used [0x00000000dd900000,0x00000000dd900000,0x00000000dde00000)
 ParOldGen       total 63488K, used 12767K [0x0000000080400000, 0x0000000084200000, 0x00000000d5700000)
  object space 63488K, 20% used [0x0000000080400000,0x0000000081077f98,0x0000000084200000)
 Metaspace       used 24021K, capacity 24652K, committed 24832K, reserved 1071104K
  class space    used 3112K, capacity 3289K, committed 3328K, reserved 1048576K
}
Event: 2.712 GC heap before
{Heap before GC invocations=6 (full 1):
 PSYoungGen      total 111104K, used 111075K [0x00000000d5700000, 0x00000000de300000, 0x0000000100000000)
  eden space 105984K, 100% used [0x00000000d5700000,0x00000000dbe80000,0x00000000dbe80000)
  from space 5120K, 99% used [0x00000000dde00000,0x00000000de2f8da0,0x00000000de300000)
  to   space 5120K, 0% used [0x00000000dd900000,0x00000000dd900000,0x00000000dde00000)
 ParOldGen       total 63488K, used 12767K [0x0000000080400000, 0x0000000084200000, 0x00000000d5700000)
  object space 63488K, 20% used [0x0000000080400000,0x0000000081077f98,0x0000000084200000)
 Metaspace       used 29944K, capacity 30910K, committed 31104K, reserved 1077248K
  class space    used 3937K, capacity 4126K, committed 4224K, reserved 1048576K
Event: 2.729 GC heap after
Heap after GC invocations=6 (full 1):
 PSYoungGen      total 138240K, used 5097K [0x00000000d5700000, 0x00000000e1680000, 0x0000000100000000)
  eden space 133120K, 0% used [0x00000000d5700000,0x00000000d5700000,0x00000000dd900000)
  from space 5120K, 99% used [0x00000000dd900000,0x00000000dddfa4c0,0x00000000dde00000)
  to   space 15872K, 0% used [0x00000000e0700000,0x00000000e0700000,0x00000000e1680000)
 ParOldGen       total 63488K, used 23324K [0x0000000080400000, 0x0000000084200000, 0x00000000d5700000)
  object space 63488K, 36% used [0x0000000080400000,0x0000000081ac71d8,0x0000000084200000)
 Metaspace       used 29944K, capacity 30910K, committed 31104K, reserved 1077248K
  class space    used 3937K, capacity 4126K, committed 4224K, reserved 1048576K
}
Event: 3.816 GC heap before
{Heap before GC invocations=7 (full 1):
 PSYoungGen      total 138240K, used 102289K [0x00000000d5700000, 0x00000000e1680000, 0x0000000100000000)
  eden space 133120K, 73% used [0x00000000d5700000,0x00000000db5ea0a8,0x00000000dd900000)
  from space 5120K, 99% used [0x00000000dd900000,0x00000000dddfa4c0,0x00000000dde00000)
  to   space 15872K, 0% used [0x00000000e0700000,0x00000000e0700000,0x00000000e1680000)
 ParOldGen       total 63488K, used 23324K [0x0000000080400000, 0x0000000084200000, 0x00000000d5700000)
  object space 63488K, 36% used [0x0000000080400000,0x0000000081ac71d8,0x0000000084200000)
 Metaspace       used 34041K, capacity 35326K, committed 35416K, reserved 1079296K
  class space    used 4427K, capacity 4680K, committed 4736K, reserved 1048576K
Event: 3.834 GC heap after
Heap after GC invocations=7 (full 1):
 PSYoungGen      total 180224K, used 11299K [0x00000000d5700000, 0x00000000e3b80000, 0x0000000100000000)
  eden space 164352K, 0% used [0x00000000d5700000,0x00000000d5700000,0x00000000df780000)
  from space 15872K, 71% used [0x00000000e0700000,0x00000000e1208f98,0x00000000e1680000)
  to   space 15872K, 0% used [0x00000000df780000,0x00000000df780000,0x00000000e0700000)
 ParOldGen       total 63488K, used 23332K [0x0000000080400000, 0x0000000084200000, 0x00000000d5700000)
  object space 63488K, 36% used [0x0000000080400000,0x0000000081ac91d8,0x0000000084200000)
 Metaspace       used 34041K, capacity 35326K, committed 35416K, reserved 1079296K
  class space    used 4427K, capacity 4680K, committed 4736K, reserved 1048576K
}
Event: 3.834 GC heap before
{Heap before GC invocations=8 (full 2):
 PSYoungGen      total 180224K, used 11299K [0x00000000d5700000, 0x00000000e3b80000, 0x0000000100000000)
  eden space 164352K, 0% used [0x00000000d5700000,0x00000000d5700000,0x00000000df780000)
  from space 15872K, 71% used [0x00000000e0700000,0x00000000e1208f98,0x00000000e1680000)
  to   space 15872K, 0% used [0x00000000df780000,0x00000000df780000,0x00000000e0700000)
 ParOldGen       total 63488K, used 23332K [0x0000000080400000, 0x0000000084200000, 0x00000000d5700000)
  object space 63488K, 36% used [0x0000000080400000,0x0000000081ac91d8,0x0000000084200000)
 Metaspace       used 34041K, capacity 35326K, committed 35416K, reserved 1079296K
  class space    used 4427K, capacity 4680K, committed 4736K, reserved 1048576K
Event: 3.923 GC heap after
Heap after GC invocations=8 (full 2):
 PSYoungGen      total 180224K, used 0K [0x00000000d5700000, 0x00000000e3b80000, 0x0000000100000000)
  eden space 164352K, 0% used [0x00000000d5700000,0x00000000d5700000,0x00000000df780000)
  from space 15872K, 0% used [0x00000000e0700000,0x00000000e0700000,0x00000000e1680000)
  to   space 15872K, 0% used [0x00000000df780000,0x00000000df780000,0x00000000e0700000)
 ParOldGen       total 109056K, used 26258K [0x0000000080400000, 0x0000000086e80000, 0x00000000d5700000)
  object space 109056K, 24% used [0x0000000080400000,0x0000000081da4920,0x0000000086e80000)
 Metaspace       used 34041K, capacity 35326K, committed 35416K, reserved 1079296K
  class space    used 4427K, capacity 4680K, committed 4736K, reserved 1048576K
}
Event: 5.849 GC heap before
{Heap before GC invocations=9 (full 2):
 PSYoungGen      total 180224K, used 164352K [0x00000000d5700000, 0x00000000e3b80000, 0x0000000100000000)
  eden space 164352K, 100% used [0x00000000d5700000,0x00000000df780000,0x00000000df780000)
  from space 15872K, 0% used [0x00000000e0700000,0x00000000e0700000,0x00000000e1680000)
  to   space 15872K, 0% used [0x00000000df780000,0x00000000df780000,0x00000000e0700000)
 ParOldGen       total 109056K, used 26258K [0x0000000080400000, 0x0000000086e80000, 0x00000000d5700000)
  object space 109056K, 24% used [0x0000000080400000,0x0000000081da4920,0x0000000086e80000)
 Metaspace       used 46333K, capacity 47724K, committed 48088K, reserved 1091584K
  class space    used 6066K, capacity 6322K, committed 6400K, reserved 1048576K

